<?xml version="1.0" encoding="UTF-8"?>
<!-- Generated by org.testng.reporters.JUnitXMLReporter -->
<testsuite hostname="del1-lhp-n65342" ignored="0" name="Default test" tests="3" failures="0" timestamp="13 Aug 2019 07:03:02 GMT" time="13.689" errors="0">
  <testcase name="test4" time="0.578" classname="TESTNG_TESTS.Test2"/>
  <testcase name="test5" time="2.286" classname="TESTNG_TESTS.Test2"/>
  <testcase name="test5" time="2.122" classname="TESTNG_TESTS.Test2"/>
</testsuite> <!-- Default test -->
