<?xml version="1.0" encoding="UTF-8"?>
<!-- Generated by org.testng.reporters.JUnitXMLReporter -->
<testsuite hostname="del1-lhp-n65342" ignored="0" name="Tesng" tests="6" failures="0" timestamp="13 Aug 2019 14:36:57 GMT" time="27.221" errors="0">
  <testcase name="test1" time="0.152" classname="TESTNG_TESTS.Test1"/>
  <testcase name="test2" time="0.072" classname="TESTNG_TESTS.Test1"/>
  <testcase name="test3" time="0.052" classname="TESTNG_TESTS.Test1"/>
  <testcase name="test4" time="0.574" classname="TESTNG_TESTS.Test2"/>
  <testcase name="test5" time="2.69" classname="TESTNG_TESTS.Test2"/>
  <testcase name="test5" time="2.565" classname="TESTNG_TESTS.Test2"/>
</testsuite> <!-- Tesng -->
